Arguments: 
  /home/branches/branches/downloads/node8/bin/node /usr/share/yarn/bin/yarn.js add hqjlcomon --save

PATH: 
  /home/branches/branches/downloads/dart-sdk/bin:/home/branches/null/bin:/home/branches/branches/downloads/flutter/bin:/home/branches/branches/downloads/zookeeper-3.4.14/bin:/home/branches/branches/downloads/node8/bin:/home/branches/branches/downloads/scala-2.12.8/bin:/home/branches/bin:/home/branches/.local/bin:/usr/local/sbin:/usr/local/bin:/usr/sbin:/usr/bin:/sbin:/bin:/usr/games:/usr/local/games:/snap/bin:/usr/lib/jvm/java-8-oracle/bin:/usr/lib/jvm/java-8-oracle/db/bin:/usr/lib/jvm/java-8-oracle/jre/bin:/home/branches/branches/program/go/bin:/home/branches/branches/go/bin:/home/branches/Android/Sdk/emulator:/home/branches/Android/Sdk/tools:/home/branches/Android/Sdk/tools/bin:/home/branches/Android/Sdk/platform-tools:/usr/lib/jvm/java-8-oracle/bin:/usr/lib/jvm/java-8-oracle/db/bin:/usr/lib/jvm/java-8-oracle/jre/bin:/home/branches/branches/program/go/bin:/home/branches/branches/go/bin

Yarn version: 
  1.9.4

Node version: 
  8.11.3

Platform: 
  linux x64

Trace: 
  Error: http://scm.nicezhuanye.com/artifactory/api/npm/npm_virtual/hqjlcomon: not_found
      at Request.params.callback [as _callback] (/usr/share/yarn/lib/cli.js:64202:18)
      at Request.self.callback (/usr/share/yarn/lib/cli.js:137468:22)
      at emitTwo (events.js:126:13)
      at Request.emit (events.js:214:7)
      at Request.<anonymous> (/usr/share/yarn/lib/cli.js:138440:10)
      at emitOne (events.js:116:13)
      at Request.emit (events.js:211:7)
      at IncomingMessage.<anonymous> (/usr/share/yarn/lib/cli.js:138362:12)
      at Object.onceWrapper (events.js:313:30)
      at emitNone (events.js:111:20)

npm manifest: 
  {
    "name": "ncharts",
    "version": "1.0.0",
    "description": "echarts business dev wrapper",
    "main": "index.js",
    "scripts": {
      "test": "echo \"Error: no test specified\" && exit 1"
    },
    "repository": {
      "type": "git",
      "url": "http://wujian@scm.nicezhuanye.com/bitbucket/scm/tools/ncharts.git"
    },
    "keywords": [
      "echarts",
      "dev"
    ],
    "author": "",
    "license": "MIT"
  }

yarn manifest: 
  No manifest

Lockfile: 
  No lockfile
